<?xml version="1.0"?>
<psalm
    totallyTyped="false"
    errorLevel="4"
    resolveFromConfigFile="true"
    xmlns:xsi="http://www.w3.org/2001/XMLSchema-instance"
    xmlns="https://getpsalm.org/schema/config"
    xsi:schemaLocation="https://getpsalm.org/schema/config vendor/vimeo/psalm/config.xsd"
>
    <projectFiles>
        <directory name="src" />
        <ignoreFiles>
            <directory name="vendor" />
        </ignoreFiles>
    </projectFiles>

    <issueHandlers>
        <InternalClass>
            <errorLevel type="suppress">
                <referencedClass name="PHPUnit\Framework\Exception" />
                <referencedClass name="PHPUnit\Util\Test" />
            </errorLevel>
        </InternalClass>
        <InternalMethod>
            <errorLevel type="suppress">
                <referencedMethod name="PHPUnit\Framework\Exception::__construct" />
                <referencedMethod name="PHPUnit\Framework\TestCase::getName" />
                <referencedMethod name="PHPUnit\Util\Test::parseTestMethodAnnotations" />
            </errorLevel>
        </InternalMethod>
    </issueHandlers>
</psalm>
